<?xml version="1.0" encoding="UTF-8"?>
<!-- Generated by org.testng.reporters.JUnitReportReporter -->
<testsuite hostname="FRIDAY" failures="0" tests="1" name="testcases.InventoryUIValidationTestCase" time="0.376" errors="0" timestamp="2025-09-07T23:20:53 IST" skipped="0">
  <testcase classname="testcases.InventoryUIValidationTestCase" name="validateUI" time="0.376"/>
</testsuite> <!-- testcases.InventoryUIValidationTestCase -->
