<?xml version="1.0" encoding="UTF-8"?>
<!-- Generated by org.testng.reporters.JUnitReportReporter -->
<testsuite hostname="FRIDAY" failures="0" tests="4" name="testcases.SortingFeatureValidationTestCases" time="0.968" errors="0" timestamp="2025-09-07T23:00:12 IST" skipped="0">
  <testcase classname="testcases.SortingFeatureValidationTestCases" name="sortingByAToZ" time="0.180"/>
  <testcase classname="testcases.SortingFeatureValidationTestCases" name="sortingByZToA" time="0.191"/>
  <testcase classname="testcases.SortingFeatureValidationTestCases" name="sortingByPriceLowToHigh" time="0.201"/>
  <testcase classname="testcases.SortingFeatureValidationTestCases" name="sortingByPriceHighToLow" time="0.396"/>
</testsuite> <!-- testcases.SortingFeatureValidationTestCases -->
