<?xml version="1.0" encoding="UTF-8"?>
<!-- Generated by org.testng.reporters.JUnitReportReporter -->
<testsuite hostname="FRIDAY" failures="0" tests="2" name="testcases.CheckoutFeatureValidationTestCases" time="1.121" errors="0" timestamp="2025-09-07T23:20:53 IST" skipped="0">
  <testcase classname="testcases.CheckoutFeatureValidationTestCases" name="checkoutWithOutPostalCode" time="0.606"/>
  <testcase classname="testcases.CheckoutFeatureValidationTestCases" name="checkoutWithAllDetails" time="0.515"/>
</testsuite> <!-- testcases.CheckoutFeatureValidationTestCases -->
