<?xml version="1.0" encoding="UTF-8"?>
<!-- Generated by org.testng.reporters.JUnitReportReporter -->
<testsuite hostname="FRIDAY" failures="0" tests="3" name="testcases.CartFeatureValidationTestCases" time="10.820" errors="0" timestamp="2025-09-07T23:00:12 IST" skipped="0">
  <testcase classname="testcases.CartFeatureValidationTestCases" name="addSingleProduct" time="0.114"/>
  <testcase classname="testcases.CartFeatureValidationTestCases" name="removeItem" time="10.317"/>
  <testcase classname="testcases.CartFeatureValidationTestCases" name="addMultipleProduct" time="0.389"/>
</testsuite> <!-- testcases.CartFeatureValidationTestCases -->
