<?xml version="1.0" encoding="UTF-8"?>
<!-- Generated by org.testng.reporters.JUnitReportReporter -->
<testsuite hostname="FRIDAY" failures="0" tests="5" name="runner.TestRunner" time="17.481" errors="0" timestamp="2025-09-07T23:20:53 IST" skipped="0">
  <testcase classname="runner.TestRunner" name="runScenario" time="8.918"/>
  <testcase classname="runner.TestRunner" name="runScenario" time="2.583"/>
  <testcase classname="runner.TestRunner" name="runScenario" time="2.050"/>
  <testcase classname="runner.TestRunner" name="runScenario" time="1.988"/>
  <testcase classname="runner.TestRunner" name="runScenario" time="1.942"/>
</testsuite> <!-- runner.TestRunner -->
