<?xml version="1.0" encoding="UTF-8"?>
<!-- Generated by org.testng.reporters.JUnitReportReporter -->
<testsuite hostname="FRIDAY" failures="0" tests="4" name="testcases.SortingFeatureValidationTestCases" time="0.906" errors="0" timestamp="2025-09-07T23:20:53 IST" skipped="0">
  <testcase classname="testcases.SortingFeatureValidationTestCases" name="sortingByAToZ" time="0.162"/>
  <testcase classname="testcases.SortingFeatureValidationTestCases" name="sortingByZToA" time="0.170"/>
  <testcase classname="testcases.SortingFeatureValidationTestCases" name="sortingByPriceLowToHigh" time="0.167"/>
  <testcase classname="testcases.SortingFeatureValidationTestCases" name="sortingByPriceHighToLow" time="0.407"/>
</testsuite> <!-- testcases.SortingFeatureValidationTestCases -->
