<?xml version="1.0" encoding="UTF-8"?>
<!-- Generated by org.testng.reporters.JUnitReportReporter -->
<testsuite hostname="FRIDAY" failures="0" tests="5" name="runner.TestRunner" time="18.773" errors="0" timestamp="2025-09-07T23:00:12 IST" skipped="0">
  <testcase classname="runner.TestRunner" name="runScenario" time="2.950"/>
  <testcase classname="runner.TestRunner" name="runScenario" time="9.644"/>
  <testcase classname="runner.TestRunner" name="runScenario" time="1.870"/>
  <testcase classname="runner.TestRunner" name="runScenario" time="2.135"/>
  <testcase classname="runner.TestRunner" name="runScenario" time="2.174"/>
</testsuite> <!-- runner.TestRunner -->
