<?xml version="1.0" encoding="UTF-8"?>
<!-- Generated by org.testng.reporters.JUnitReportReporter -->
<testsuite hostname="FRIDAY" failures="0" tests="3" name="testcases.CartFeatureValidationTestCases" time="10.785" errors="0" timestamp="2025-09-07T23:20:53 IST" skipped="0">
  <testcase classname="testcases.CartFeatureValidationTestCases" name="addSingleProduct" time="0.111"/>
  <testcase classname="testcases.CartFeatureValidationTestCases" name="removeItem" time="10.293"/>
  <testcase classname="testcases.CartFeatureValidationTestCases" name="addMultipleProduct" time="0.381"/>
</testsuite> <!-- testcases.CartFeatureValidationTestCases -->
